[debug] [2021-08-31T15:08:01.612Z] ----------------------------------------------------------------------
[debug] [2021-08-31T15:08:01.614Z] Command:       C:\Program Files (x86)\nodejs\node.exe C:\Users\zedsa\AppData\Roaming\npm\node_modules\firebase-tools\lib\bin\firebase.js deploy
[debug] [2021-08-31T15:08:01.614Z] CLI Version:   9.16.6
[debug] [2021-08-31T15:08:01.614Z] Platform:      win32
[debug] [2021-08-31T15:08:01.614Z] Node Version:  v14.17.0
[debug] [2021-08-31T15:08:01.615Z] Time:          Tue Aug 31 2021 20:38:01 GMT+0530 (India Standard Time)
[debug] [2021-08-31T15:08:01.616Z] ----------------------------------------------------------------------
[debug] 
[debug] [2021-08-31T15:08:01.662Z] > command requires scopes: ["email","openid","https://www.googleapis.com/auth/cloudplatformprojects.readonly","https://www.googleapis.com/auth/firebase","https://www.googleapis.com/auth/cloud-platform"]
[debug] [2021-08-31T15:08:01.662Z] > authorizing via signed-in user (zed.saheer5@gmail.com)
[debug] [2021-08-31T15:08:01.662Z] [iam] checking project ecom-complete-by-zedan for permissions ["cloudfunctions.functions.create","cloudfunctions.functions.delete","cloudfunctions.functions.get","cloudfunctions.functions.list","cloudfunctions.functions.update","cloudfunctions.operations.get","firebase.projects.get","firebasehosting.sites.update"]
[debug] [2021-08-31T15:08:01.664Z] >>> HTTP REQUEST POST https://cloudresourcemanager.googleapis.com/v1/projects/ecom-complete-by-zedan:testIamPermissions  
 {"permissions":["cloudfunctions.functions.create","cloudfunctions.functions.delete","cloudfunctions.functions.get","cloudfunctions.functions.list","cloudfunctions.functions.update","cloudfunctions.operations.get","firebase.projects.get","firebasehosting.sites.update"]}
[debug] [2021-08-31T15:08:03.031Z] <<< HTTP RESPONSE 200 {"content-type":"application/json; charset=UTF-8","vary":"X-Origin, Referer, Origin,Accept-Encoding","date":"Tue, 31 Aug 2021 15:08:03 GMT","server":"ESF","cache-control":"private","x-xss-protection":"0","x-frame-options":"SAMEORIGIN","x-content-type-options":"nosniff","server-timing":"gfet4t7; dur=1140","alt-svc":"h3=\":443\"; ma=2592000,h3-29=\":443\"; ma=2592000,h3-T051=\":443\"; ma=2592000,h3-Q050=\":443\"; ma=2592000,h3-Q046=\":443\"; ma=2592000,h3-Q043=\":443\"; ma=2592000,quic=\":443\"; ma=2592000; v=\"46,43\"","accept-ranges":"none","transfer-encoding":"chunked"}
[debug] [2021-08-31T15:08:03.032Z] >>> HTTP REQUEST POST https://iam.googleapis.com/v1/projects/ecom-complete-by-zedan/serviceAccounts/ecom-complete-by-zedan@appspot.gserviceaccount.com:testIamPermissions  
 {"permissions":["iam.serviceAccounts.actAs"]}
[debug] [2021-08-31T15:08:04.437Z] <<< HTTP RESPONSE 200 {"content-type":"application/json; charset=UTF-8","vary":"X-Origin, Referer, Origin,Accept-Encoding","date":"Tue, 31 Aug 2021 15:08:04 GMT","server":"ESF","cache-control":"private","x-xss-protection":"0","x-frame-options":"SAMEORIGIN","x-content-type-options":"nosniff","alt-svc":"h3=\":443\"; ma=2592000,h3-29=\":443\"; ma=2592000,h3-T051=\":443\"; ma=2592000,h3-Q050=\":443\"; ma=2592000,h3-Q046=\":443\"; ma=2592000,h3-Q043=\":443\"; ma=2592000,quic=\":443\"; ma=2592000; v=\"46,43\"","accept-ranges":"none","transfer-encoding":"chunked"}
[debug] [2021-08-31T15:08:04.438Z] > refreshing access token with scopes: []
[debug] [2021-08-31T15:08:04.438Z] >>> HTTP REQUEST POST https://www.googleapis.com/oauth2/v3/token  
 <request body omitted>
[debug] [2021-08-31T15:08:04.616Z] <<< HTTP RESPONSE 200 {"expires":"Mon, 01 Jan 1990 00:00:00 GMT","date":"Tue, 31 Aug 2021 15:08:04 GMT","pragma":"no-cache","cache-control":"no-cache, no-store, max-age=0, must-revalidate","content-type":"application/json; charset=utf-8","vary":"X-Origin, Referer, Origin,Accept-Encoding","server":"scaffolding on HTTPServer2","x-xss-protection":"0","x-frame-options":"SAMEORIGIN","x-content-type-options":"nosniff","alt-svc":"h3=\":443\"; ma=2592000,h3-29=\":443\"; ma=2592000,h3-T051=\":443\"; ma=2592000,h3-Q050=\":443\"; ma=2592000,h3-Q046=\":443\"; ma=2592000,h3-Q043=\":443\"; ma=2592000,quic=\":443\"; ma=2592000; v=\"46,43\"","accept-ranges":"none","transfer-encoding":"chunked"}
[debug] [2021-08-31T15:08:04.629Z] >>> [apiv2][query] GET https://firebase.googleapis.com/v1beta1/projects/ecom-complete-by-zedan [none]
[debug] [2021-08-31T15:08:05.071Z] <<< [apiv2][status] GET https://firebase.googleapis.com/v1beta1/projects/ecom-complete-by-zedan 200
[debug] [2021-08-31T15:08:05.071Z] <<< [apiv2][body] GET https://firebase.googleapis.com/v1beta1/projects/ecom-complete-by-zedan {"projectId":"ecom-complete-by-zedan","projectNumber":"635268990363","displayName":"Amazon-clone","name":"projects/ecom-complete-by-zedan","resources":{"hostingSite":"ecom-complete-by-zedan","storageBucket":"ecom-complete-by-zedan.appspot.com","locationId":"us-central"},"state":"ACTIVE"}
[info] 
[info] === Deploying to 'ecom-complete-by-zedan'...
[info] 
[info] i  deploying functions, hosting 
[info] Running command: npm --prefix "%RESOURCE_DIR%" run lint
[info] +  functions: Finished running predeploy script. 
[debug] [2021-08-31T15:08:05.962Z] Validating nodejs source
[debug] [2021-08-31T15:08:08.365Z] > [functions] package.json contents: {
  "name": "functions",
  "description": "Cloud Functions for Firebase",
  "scripts": {
    "lint": "eslint",
    "serve": "firebase emulators:start --only functions",
    "shell": "firebase functions:shell",
    "start": "npm run shell",
    "deploy": "firebase deploy --only functions",
    "logs": "firebase functions:log"
  },
  "engines": {
    "node": "14"
  },
  "main": "index.js",
  "dependencies": {
    "cors": "^2.8.5",
    "express": "^4.17.1",
    "firebase-admin": "^9.8.0",
    "firebase-functions": "^3.14.1",
    "stripe": "^8.171.0"
  },
  "devDependencies": {
    "eslint": "^7.6.0",
    "eslint-config-google": "^0.14.0",
    "firebase-functions-test": "^0.2.0"
  },
  "private": true
}
[debug] [2021-08-31T15:08:08.365Z] Building nodejs source
[info] i  functions: ensuring required API cloudfunctions.googleapis.com is enabled... 
[debug] [2021-08-31T15:08:08.366Z] > refreshing access token with scopes: ["email","https://www.googleapis.com/auth/cloud-platform","https://www.googleapis.com/auth/cloudplatformprojects.readonly","https://www.googleapis.com/auth/firebase","openid"]
[debug] [2021-08-31T15:08:08.367Z] >>> HTTP REQUEST POST https://www.googleapis.com/oauth2/v3/token  
 <request body omitted>
[debug] [2021-08-31T15:08:08.367Z] > refreshing access token with scopes: ["email","https://www.googleapis.com/auth/cloud-platform","https://www.googleapis.com/auth/cloudplatformprojects.readonly","https://www.googleapis.com/auth/firebase","openid"]
[debug] [2021-08-31T15:08:08.367Z] >>> HTTP REQUEST POST https://www.googleapis.com/oauth2/v3/token  
 <request body omitted>
[info] i  functions: ensuring required API cloudbuild.googleapis.com is enabled... 
[debug] [2021-08-31T15:08:08.368Z] > refreshing access token with scopes: ["email","https://www.googleapis.com/auth/cloud-platform","https://www.googleapis.com/auth/cloudplatformprojects.readonly","https://www.googleapis.com/auth/firebase","openid"]
[debug] [2021-08-31T15:08:08.368Z] >>> HTTP REQUEST POST https://www.googleapis.com/oauth2/v3/token  
 <request body omitted>
[debug] [2021-08-31T15:08:08.534Z] <<< HTTP RESPONSE 200 {"pragma":"no-cache","expires":"Mon, 01 Jan 1990 00:00:00 GMT","date":"Tue, 31 Aug 2021 15:08:08 GMT","cache-control":"no-cache, no-store, max-age=0, must-revalidate","content-type":"application/json; charset=utf-8","vary":"X-Origin, Referer, Origin,Accept-Encoding","server":"scaffolding on HTTPServer2","x-xss-protection":"0","x-frame-options":"SAMEORIGIN","x-content-type-options":"nosniff","alt-svc":"h3=\":443\"; ma=2592000,h3-29=\":443\"; ma=2592000,h3-T051=\":443\"; ma=2592000,h3-Q050=\":443\"; ma=2592000,h3-Q046=\":443\"; ma=2592000,h3-Q043=\":443\"; ma=2592000,quic=\":443\"; ma=2592000; v=\"46,43\"","accept-ranges":"none","transfer-encoding":"chunked"}
[debug] [2021-08-31T15:08:08.543Z] >>> HTTP REQUEST GET https://serviceusage.googleapis.com/v1/projects/ecom-complete-by-zedan/services/cloudfunctions.googleapis.com  
 
[debug] [2021-08-31T15:08:08.547Z] <<< HTTP RESPONSE 200 {"pragma":"no-cache","expires":"Mon, 01 Jan 1990 00:00:00 GMT","cache-control":"no-cache, no-store, max-age=0, must-revalidate","date":"Tue, 31 Aug 2021 15:08:08 GMT","content-type":"application/json; charset=utf-8","vary":"X-Origin, Referer, Origin,Accept-Encoding","server":"scaffolding on HTTPServer2","x-xss-protection":"0","x-frame-options":"SAMEORIGIN","x-content-type-options":"nosniff","alt-svc":"h3=\":443\"; ma=2592000,h3-29=\":443\"; ma=2592000,h3-T051=\":443\"; ma=2592000,h3-Q050=\":443\"; ma=2592000,h3-Q046=\":443\"; ma=2592000,h3-Q043=\":443\"; ma=2592000,quic=\":443\"; ma=2592000; v=\"46,43\"","accept-ranges":"none","transfer-encoding":"chunked"}
[debug] [2021-08-31T15:08:08.555Z] >>> HTTP REQUEST GET https://serviceusage.googleapis.com/v1/projects/ecom-complete-by-zedan/services/runtimeconfig.googleapis.com  
 
[debug] [2021-08-31T15:08:08.564Z] <<< HTTP RESPONSE 200 {"date":"Tue, 31 Aug 2021 15:08:08 GMT","expires":"Mon, 01 Jan 1990 00:00:00 GMT","pragma":"no-cache","cache-control":"no-cache, no-store, max-age=0, must-revalidate","content-type":"application/json; charset=utf-8","vary":"X-Origin, Referer, Origin,Accept-Encoding","server":"scaffolding on HTTPServer2","x-xss-protection":"0","x-frame-options":"SAMEORIGIN","x-content-type-options":"nosniff","alt-svc":"h3=\":443\"; ma=2592000,h3-29=\":443\"; ma=2592000,h3-T051=\":443\"; ma=2592000,h3-Q050=\":443\"; ma=2592000,h3-Q046=\":443\"; ma=2592000,h3-Q043=\":443\"; ma=2592000,quic=\":443\"; ma=2592000; v=\"46,43\"","accept-ranges":"none","transfer-encoding":"chunked"}
[debug] [2021-08-31T15:08:08.573Z] >>> HTTP REQUEST GET https://serviceusage.googleapis.com/v1/projects/ecom-complete-by-zedan/services/cloudbuild.googleapis.com  
 
[debug] [2021-08-31T15:08:10.263Z] <<< HTTP RESPONSE 200 {"content-type":"application/json; charset=UTF-8","vary":"X-Origin, Referer, Origin,Accept-Encoding","date":"Tue, 31 Aug 2021 15:08:10 GMT","server":"ESF","cache-control":"private","x-xss-protection":"0","x-frame-options":"SAMEORIGIN","x-content-type-options":"nosniff","alt-svc":"h3=\":443\"; ma=2592000,h3-29=\":443\"; ma=2592000,h3-T051=\":443\"; ma=2592000,h3-Q050=\":443\"; ma=2592000,h3-Q046=\":443\"; ma=2592000,h3-Q043=\":443\"; ma=2592000,quic=\":443\"; ma=2592000; v=\"46,43\"","accept-ranges":"none","transfer-encoding":"chunked"}
[debug] [2021-08-31T15:08:10.284Z] <<< HTTP RESPONSE 200 {"content-type":"application/json; charset=UTF-8","vary":"X-Origin, Referer, Origin,Accept-Encoding","date":"Tue, 31 Aug 2021 15:08:10 GMT","server":"ESF","cache-control":"private","x-xss-protection":"0","x-frame-options":"SAMEORIGIN","x-content-type-options":"nosniff","alt-svc":"h3=\":443\"; ma=2592000,h3-29=\":443\"; ma=2592000,h3-T051=\":443\"; ma=2592000,h3-Q050=\":443\"; ma=2592000,h3-Q046=\":443\"; ma=2592000,h3-Q043=\":443\"; ma=2592000,quic=\":443\"; ma=2592000; v=\"46,43\"","accept-ranges":"none","transfer-encoding":"chunked"}
[info] +  functions: required API cloudbuild.googleapis.com is enabled 
[debug] [2021-08-31T15:08:10.293Z] <<< HTTP RESPONSE 200 {"content-type":"application/json; charset=UTF-8","vary":"X-Origin, Referer, Origin,Accept-Encoding","date":"Tue, 31 Aug 2021 15:08:10 GMT","server":"ESF","cache-control":"private","x-xss-protection":"0","x-frame-options":"SAMEORIGIN","x-content-type-options":"nosniff","alt-svc":"h3=\":443\"; ma=2592000,h3-29=\":443\"; ma=2592000,h3-T051=\":443\"; ma=2592000,h3-Q050=\":443\"; ma=2592000,h3-Q046=\":443\"; ma=2592000,h3-Q043=\":443\"; ma=2592000,quic=\":443\"; ma=2592000; v=\"46,43\"","accept-ranges":"none","transfer-encoding":"chunked"}
[info] +  functions: required API cloudfunctions.googleapis.com is enabled 
[debug] [2021-08-31T15:08:10.294Z] >>> HTTP REQUEST GET https://firebase.googleapis.com/v1beta1/projects/ecom-complete-by-zedan/adminSdkConfig  
 
[debug] [2021-08-31T15:08:10.911Z] <<< HTTP RESPONSE 200 {"content-type":"application/json; charset=UTF-8","vary":"X-Origin, Referer, Origin,Accept-Encoding","date":"Tue, 31 Aug 2021 15:08:11 GMT","server":"ESF","cache-control":"private","x-xss-protection":"0","x-frame-options":"SAMEORIGIN","x-content-type-options":"nosniff","alt-svc":"h3=\":443\"; ma=2592000,h3-29=\":443\"; ma=2592000,h3-T051=\":443\"; ma=2592000,h3-Q050=\":443\"; ma=2592000,h3-Q046=\":443\"; ma=2592000,h3-Q043=\":443\"; ma=2592000,quic=\":443\"; ma=2592000; v=\"46,43\"","accept-ranges":"none","transfer-encoding":"chunked"}
[debug] [2021-08-31T15:08:10.912Z] >>> HTTP REQUEST GET https://runtimeconfig.googleapis.com/v1beta1/projects/ecom-complete-by-zedan/configs  
 
[debug] [2021-08-31T15:08:11.434Z] <<< HTTP RESPONSE 200 {"content-type":"application/json; charset=UTF-8","vary":"X-Origin, Referer, Origin,Accept-Encoding","date":"Tue, 31 Aug 2021 15:08:11 GMT","server":"ESF","cache-control":"private","x-xss-protection":"0","x-frame-options":"SAMEORIGIN","x-content-type-options":"nosniff","alt-svc":"h3=\":443\"; ma=2592000,h3-29=\":443\"; ma=2592000,h3-T051=\":443\"; ma=2592000,h3-Q050=\":443\"; ma=2592000,h3-Q046=\":443\"; ma=2592000,h3-Q043=\":443\"; ma=2592000,quic=\":443\"; ma=2592000; v=\"46,43\"","accept-ranges":"none","transfer-encoding":"chunked"}
[debug] [2021-08-31T15:08:11.437Z] Analyzing nodejs backend spec
[info] i  functions: preparing functions directory for uploading... 
[info] i  functions: packaged functions (35.33 KB) for uploading 
[debug] [2021-08-31T15:08:11.689Z] >>> HTTP REQUEST GET https://cloudfunctions.googleapis.com/v1/projects/ecom-complete-by-zedan/locations/-/functions  
 
[debug] [2021-08-31T15:08:12.456Z] <<< HTTP RESPONSE 200 {"content-type":"application/json; charset=UTF-8","vary":"X-Origin, Referer, Origin,Accept-Encoding","date":"Tue, 31 Aug 2021 15:08:12 GMT","server":"ESF","cache-control":"private","x-xss-protection":"0","x-frame-options":"SAMEORIGIN","x-content-type-options":"nosniff","alt-svc":"h3=\":443\"; ma=2592000,h3-29=\":443\"; ma=2592000,h3-T051=\":443\"; ma=2592000,h3-Q050=\":443\"; ma=2592000,h3-Q046=\":443\"; ma=2592000,h3-Q043=\":443\"; ma=2592000,quic=\":443\"; ma=2592000; v=\"46,43\"","accept-ranges":"none","transfer-encoding":"chunked"}
[debug] [2021-08-31T15:08:12.459Z] >>> HTTP REQUEST POST https://firebasehosting.googleapis.com/v1beta1/sites/ecom-complete-by-zedan/versions  
 {"config":{"rewrites":[{"glob":"**","path":"/index.html"}]},"labels":{"deployment-tool":"cli-firebase"}}
[debug] [2021-08-31T15:08:14.356Z] <<< HTTP RESPONSE 200 {"content-type":"application/json; charset=UTF-8","vary":"X-Origin, Referer, Origin,Accept-Encoding","date":"Tue, 31 Aug 2021 15:08:14 GMT","server":"ESF","cache-control":"private","x-xss-protection":"0","x-frame-options":"SAMEORIGIN","x-content-type-options":"nosniff","alt-svc":"h3=\":443\"; ma=2592000,h3-29=\":443\"; ma=2592000,h3-T051=\":443\"; ma=2592000,h3-Q050=\":443\"; ma=2592000,h3-Q046=\":443\"; ma=2592000,h3-Q043=\":443\"; ma=2592000,quic=\":443\"; ma=2592000; v=\"46,43\"","accept-ranges":"none","transfer-encoding":"chunked"}
[debug] [2021-08-31T15:08:14.356Z] >>> HTTP REQUEST POST https://cloudfunctions.googleapis.com/v1/projects/ecom-complete-by-zedan/locations/us-central1/functions:generateUploadUrl  
 
[debug] [2021-08-31T15:08:15.221Z] <<< HTTP RESPONSE 200 {"content-type":"application/json; charset=UTF-8","vary":"X-Origin, Referer, Origin,Accept-Encoding","date":"Tue, 31 Aug 2021 15:08:15 GMT","server":"ESF","cache-control":"private","x-xss-protection":"0","x-frame-options":"SAMEORIGIN","x-content-type-options":"nosniff","alt-svc":"h3=\":443\"; ma=2592000,h3-29=\":443\"; ma=2592000,h3-T051=\":443\"; ma=2592000,h3-Q050=\":443\"; ma=2592000,h3-Q046=\":443\"; ma=2592000,h3-Q043=\":443\"; ma=2592000,quic=\":443\"; ma=2592000; v=\"46,43\"","accept-ranges":"none","transfer-encoding":"chunked"}
[debug] [2021-08-31T15:08:15.222Z] >>> HTTP REQUEST PUT https://storage.googleapis.com/gcf-upload-us-central1-c03e3bf9-d9bd-4ab7-9d90-91299fc87d35/6105149b-a169-4a88-a904-917fe5819c2a.zip?GoogleAccessId=service-635268990363@gcf-admin-robot.iam.gserviceaccount.com&Expires=1630424295&Signature=UOAsyc5Jcv6jRptxvfEeKKUsreqtv%2B%2BsHd9xjE0%2BBcTnIm8CNV90iwawzJmq%2FvuIOwvmrDu%2Fs1dGk2tO0%2BMQFSttezSq3GwP9eoH5Oa6q1Hm5ayZcXn406ZtKYmiEkIPRQamIJTvlI3Ie9EIrwKDppt%2FdQmsYBVKcdLTSmPW3XAHehBV%2F30Tr7j67MUCNP3frFsouIIwKGDuEnhfjQiTEahN%2FiPFFM4T1Mh2gUuE1AbwGggK7oBOCEJXkEOoaqDFVxlr1FSMCsJc0DcPN%2BfVweA4JZ3RU4ZDu6wih6XXkG%2BsNEMVu7lXklS8GMbL3NHWECA%2FP0bPOAEcp49rO73QzA%3D%3D  
 <request body omitted>
[debug] [2021-08-31T15:08:15.897Z] <<< HTTP RESPONSE 200 {"x-guploader-uploadid":"ADPycdsOCzOslPmXsg5eOedrDEwPXcWGO3Pa3jRaOgksr6c-6ygo4ckZ7ERsmCPbxMHnnURgJHYwlyhKyxH_x3e2_5h_MPLm0g","etag":"\"09ada214952a52937251767f3f268f3c\"","x-goog-generation":"1630422496065059","x-goog-metageneration":"1","x-goog-hash":"crc32c=Hl9ChQ==, md5=Ca2iFJUqUpNyUXZ/PyaPPA==","x-goog-stored-content-length":"36175","x-goog-stored-content-encoding":"identity","vary":"Origin","content-length":"0","date":"Tue, 31 Aug 2021 15:08:16 GMT","server":"UploadServer","content-type":"text/html; charset=UTF-8","alt-svc":"h3=\":443\"; ma=2592000,h3-29=\":443\"; ma=2592000,h3-T051=\":443\"; ma=2592000,h3-Q050=\":443\"; ma=2592000,h3-Q046=\":443\"; ma=2592000,h3-Q043=\":443\"; ma=2592000,quic=\":443\"; ma=2592000; v=\"46,43\""}
[info] +  functions: functions folder uploaded successfully 
[info] i  hosting[ecom-complete-by-zedan]: beginning deploy... 
[info] i  hosting[ecom-complete-by-zedan]: found 15 files in build 
[debug] [2021-08-31T15:08:16.490Z] > refreshing access token with scopes: []
[debug] [2021-08-31T15:08:16.490Z] >>> HTTP REQUEST POST https://www.googleapis.com/oauth2/v3/token  
 <request body omitted>
[debug] [2021-08-31T15:08:16.491Z] [hosting] hash cache [YnVpbGQ] stored for 15 files
[debug] [2021-08-31T15:08:16.492Z] [hosting][hash queue][FINAL] {"max":577,"min":2,"avg":47.2,"active":0,"complete":15,"success":15,"errored":0,"retried":0,"total":15,"elapsed":582}
[debug] [2021-08-31T15:08:16.646Z] <<< HTTP RESPONSE 200 {"date":"Tue, 31 Aug 2021 15:08:16 GMT","expires":"Mon, 01 Jan 1990 00:00:00 GMT","cache-control":"no-cache, no-store, max-age=0, must-revalidate","pragma":"no-cache","content-type":"application/json; charset=utf-8","vary":"X-Origin, Referer, Origin,Accept-Encoding","server":"scaffolding on HTTPServer2","x-xss-protection":"0","x-frame-options":"SAMEORIGIN","x-content-type-options":"nosniff","alt-svc":"h3=\":443\"; ma=2592000,h3-29=\":443\"; ma=2592000,h3-T051=\":443\"; ma=2592000,h3-Q050=\":443\"; ma=2592000,h3-Q046=\":443\"; ma=2592000,h3-Q043=\":443\"; ma=2592000,quic=\":443\"; ma=2592000; v=\"46,43\"","accept-ranges":"none","transfer-encoding":"chunked"}
[debug] [2021-08-31T15:08:16.656Z] >>> [apiv2][query] POST https://firebasehosting.googleapis.com/v1beta1/sites/ecom-complete-by-zedan/versions/dcd9d4ce0f488ddf:populateFiles [none]
[debug] [2021-08-31T15:08:16.656Z] >>> [apiv2][body] POST https://firebasehosting.googleapis.com/v1beta1/sites/ecom-complete-by-zedan/versions/dcd9d4ce0f488ddf:populateFiles {"files":{"/manifest.json":"aff3449bdc238776f5d6d967f19ec491b36aed5fb7f23ccff6500736fd58494a","/robots.txt":"bfe106a3fb878dc83461c86818bf74fc1bdc7f28538ba613cd3e775516ce8b49","/asset-manifest.json":"9618ba1d3e146fd7c817b7b048b0559fe951487b70294c9e449cc3b7d143a091","/index.html":"6e66e163e77b3194cedef0642fd8b30e8f9d0b852b7f0ba0d69ad38f26d6a372","/static/css/main.163c4f76.chunk.css":"2d33fed6e7679efbee591b3d3772f668a92186180497b012b77b38f4a17c5456","/static/js/2.1ecddd69.chunk.js.LICENSE.txt":"fc4b45099106dd7e31426481fa3dbcc22aeaf9ebcfef9b6bc0da3b4daf60c717","/static/js/3.fc7d9c89.chunk.js":"f85cf7a954165617ec455ed2e9477846af1131e3034d6109045d5c5b860ea7ef","/static/js/3.fc7d9c89.chunk.js.map":"f99e830680ce8b1547e34a25bf4a0f8e5e3b2685f370bb8d714bd83a3f9a1f71","/static/css/main.163c4f76.chunk.css.map":"72f5d0971efc251947208da89fee29fe2fbcf0956fa603af129047cc0df908d2","/static/js/main.1283e861.chunk.js":"c2ed59cdef73a82ac5a85bc8f6e5159fdb338b079fc587f105abfb87a6f87cea","/static/js/runtime-main.5023f016.js.map":"fb2be43bb5e7ba532b510cc507fe076fa9f5b37f3dc6dc61654e9622ec7ae937","/static/js/runtime-main.5023f016.js":"6f354251030338a5bd1f4d87d7cfa34fd715fb072aad377a27f2e8eda0b0aab2","/static/js/main.1283e861.chunk.js.map":"5e6c17ce5a8046052a925f2a76ae0634b4a399974aca658183d8699f44ce17f4","/static/js/2.1ecddd69.chunk.js":"b4dcd26e88839ed4a7bfb03123b5a382f6f3f60c7e743fe3fe5a933a5a18c437","/static/js/2.1ecddd69.chunk.js.map":"ff7ccf75db90ce1e7fb54be4415dcdf0969b4dcc2949f1f81999b56fcc976dbd"}}
[debug] [2021-08-31T15:08:18.211Z] <<< [apiv2][status] POST https://firebasehosting.googleapis.com/v1beta1/sites/ecom-complete-by-zedan/versions/dcd9d4ce0f488ddf:populateFiles 200
[debug] [2021-08-31T15:08:18.211Z] <<< [apiv2][body] POST https://firebasehosting.googleapis.com/v1beta1/sites/ecom-complete-by-zedan/versions/dcd9d4ce0f488ddf:populateFiles {"uploadRequiredHashes":["f99e830680ce8b1547e34a25bf4a0f8e5e3b2685f370bb8d714bd83a3f9a1f71","fb2be43bb5e7ba532b510cc507fe076fa9f5b37f3dc6dc61654e9622ec7ae937","fc4b45099106dd7e31426481fa3dbcc22aeaf9ebcfef9b6bc0da3b4daf60c717","6f354251030338a5bd1f4d87d7cfa34fd715fb072aad377a27f2e8eda0b0aab2","72f5d0971efc251947208da89fee29fe2fbcf0956fa603af129047cc0df908d2","c2ed59cdef73a82ac5a85bc8f6e5159fdb338b079fc587f105abfb87a6f87cea","5e6c17ce5a8046052a925f2a76ae0634b4a399974aca658183d8699f44ce17f4","2d33fed6e7679efbee591b3d3772f668a92186180497b012b77b38f4a17c5456","f85cf7a954165617ec455ed2e9477846af1131e3034d6109045d5c5b860ea7ef","6e66e163e77b3194cedef0642fd8b30e8f9d0b852b7f0ba0d69ad38f26d6a372","9618ba1d3e146fd7c817b7b048b0559fe951487b70294c9e449cc3b7d143a091","ff7ccf75db90ce1e7fb54be4415dcdf0969b4dcc2949f1f81999b56fcc976dbd","b4dcd26e88839ed4a7bfb03123b5a382f6f3f60c7e743fe3fe5a933a5a18c437"],"uploadUrl":"https://upload-firebasehosting.googleapis.com/upload/sites/ecom-complete-by-zedan/versions/dcd9d4ce0f488ddf/files"}
[debug] [2021-08-31T15:08:18.213Z] >>> [apiv2][query] POST https://upload-firebasehosting.googleapis.com/upload/sites/ecom-complete-by-zedan/versions/dcd9d4ce0f488ddf/files/f99e830680ce8b1547e34a25bf4a0f8e5e3b2685f370bb8d714bd83a3f9a1f71 [none]
[debug] [2021-08-31T15:08:18.213Z] >>> [apiv2][body] POST https://upload-firebasehosting.googleapis.com/upload/sites/ecom-complete-by-zedan/versions/dcd9d4ce0f488ddf/files/f99e830680ce8b1547e34a25bf4a0f8e5e3b2685f370bb8d714bd83a3f9a1f71 [stream]
[debug] [2021-08-31T15:08:18.214Z] >>> [apiv2][query] POST https://upload-firebasehosting.googleapis.com/upload/sites/ecom-complete-by-zedan/versions/dcd9d4ce0f488ddf/files/fb2be43bb5e7ba532b510cc507fe076fa9f5b37f3dc6dc61654e9622ec7ae937 [none]
[debug] [2021-08-31T15:08:18.214Z] >>> [apiv2][body] POST https://upload-firebasehosting.googleapis.com/upload/sites/ecom-complete-by-zedan/versions/dcd9d4ce0f488ddf/files/fb2be43bb5e7ba532b510cc507fe076fa9f5b37f3dc6dc61654e9622ec7ae937 [stream]
[debug] [2021-08-31T15:08:18.215Z] >>> [apiv2][query] POST https://upload-firebasehosting.googleapis.com/upload/sites/ecom-complete-by-zedan/versions/dcd9d4ce0f488ddf/files/fc4b45099106dd7e31426481fa3dbcc22aeaf9ebcfef9b6bc0da3b4daf60c717 [none]
[debug] [2021-08-31T15:08:18.215Z] >>> [apiv2][body] POST https://upload-firebasehosting.googleapis.com/upload/sites/ecom-complete-by-zedan/versions/dcd9d4ce0f488ddf/files/fc4b45099106dd7e31426481fa3dbcc22aeaf9ebcfef9b6bc0da3b4daf60c717 [stream]
[debug] [2021-08-31T15:08:18.215Z] >>> [apiv2][query] POST https://upload-firebasehosting.googleapis.com/upload/sites/ecom-complete-by-zedan/versions/dcd9d4ce0f488ddf/files/6f354251030338a5bd1f4d87d7cfa34fd715fb072aad377a27f2e8eda0b0aab2 [none]
[debug] [2021-08-31T15:08:18.215Z] >>> [apiv2][body] POST https://upload-firebasehosting.googleapis.com/upload/sites/ecom-complete-by-zedan/versions/dcd9d4ce0f488ddf/files/6f354251030338a5bd1f4d87d7cfa34fd715fb072aad377a27f2e8eda0b0aab2 [stream]
[debug] [2021-08-31T15:08:18.216Z] >>> [apiv2][query] POST https://upload-firebasehosting.googleapis.com/upload/sites/ecom-complete-by-zedan/versions/dcd9d4ce0f488ddf/files/72f5d0971efc251947208da89fee29fe2fbcf0956fa603af129047cc0df908d2 [none]
[debug] [2021-08-31T15:08:18.216Z] >>> [apiv2][body] POST https://upload-firebasehosting.googleapis.com/upload/sites/ecom-complete-by-zedan/versions/dcd9d4ce0f488ddf/files/72f5d0971efc251947208da89fee29fe2fbcf0956fa603af129047cc0df908d2 [stream]
[debug] [2021-08-31T15:08:18.216Z] >>> [apiv2][query] POST https://upload-firebasehosting.googleapis.com/upload/sites/ecom-complete-by-zedan/versions/dcd9d4ce0f488ddf/files/c2ed59cdef73a82ac5a85bc8f6e5159fdb338b079fc587f105abfb87a6f87cea [none]
[debug] [2021-08-31T15:08:18.216Z] >>> [apiv2][body] POST https://upload-firebasehosting.googleapis.com/upload/sites/ecom-complete-by-zedan/versions/dcd9d4ce0f488ddf/files/c2ed59cdef73a82ac5a85bc8f6e5159fdb338b079fc587f105abfb87a6f87cea [stream]
[debug] [2021-08-31T15:08:18.219Z] >>> [apiv2][query] POST https://upload-firebasehosting.googleapis.com/upload/sites/ecom-complete-by-zedan/versions/dcd9d4ce0f488ddf/files/5e6c17ce5a8046052a925f2a76ae0634b4a399974aca658183d8699f44ce17f4 [none]
[debug] [2021-08-31T15:08:18.219Z] >>> [apiv2][body] POST https://upload-firebasehosting.googleapis.com/upload/sites/ecom-complete-by-zedan/versions/dcd9d4ce0f488ddf/files/5e6c17ce5a8046052a925f2a76ae0634b4a399974aca658183d8699f44ce17f4 [stream]
[debug] [2021-08-31T15:08:18.219Z] >>> [apiv2][query] POST https://upload-firebasehosting.googleapis.com/upload/sites/ecom-complete-by-zedan/versions/dcd9d4ce0f488ddf/files/2d33fed6e7679efbee591b3d3772f668a92186180497b012b77b38f4a17c5456 [none]
[debug] [2021-08-31T15:08:18.219Z] >>> [apiv2][body] POST https://upload-firebasehosting.googleapis.com/upload/sites/ecom-complete-by-zedan/versions/dcd9d4ce0f488ddf/files/2d33fed6e7679efbee591b3d3772f668a92186180497b012b77b38f4a17c5456 [stream]
[debug] [2021-08-31T15:08:18.220Z] >>> [apiv2][query] POST https://upload-firebasehosting.googleapis.com/upload/sites/ecom-complete-by-zedan/versions/dcd9d4ce0f488ddf/files/f85cf7a954165617ec455ed2e9477846af1131e3034d6109045d5c5b860ea7ef [none]
[debug] [2021-08-31T15:08:18.220Z] >>> [apiv2][body] POST https://upload-firebasehosting.googleapis.com/upload/sites/ecom-complete-by-zedan/versions/dcd9d4ce0f488ddf/files/f85cf7a954165617ec455ed2e9477846af1131e3034d6109045d5c5b860ea7ef [stream]
[debug] [2021-08-31T15:08:18.220Z] >>> [apiv2][query] POST https://upload-firebasehosting.googleapis.com/upload/sites/ecom-complete-by-zedan/versions/dcd9d4ce0f488ddf/files/6e66e163e77b3194cedef0642fd8b30e8f9d0b852b7f0ba0d69ad38f26d6a372 [none]
[debug] [2021-08-31T15:08:18.220Z] >>> [apiv2][body] POST https://upload-firebasehosting.googleapis.com/upload/sites/ecom-complete-by-zedan/versions/dcd9d4ce0f488ddf/files/6e66e163e77b3194cedef0642fd8b30e8f9d0b852b7f0ba0d69ad38f26d6a372 [stream]
[debug] [2021-08-31T15:08:18.221Z] >>> [apiv2][query] POST https://upload-firebasehosting.googleapis.com/upload/sites/ecom-complete-by-zedan/versions/dcd9d4ce0f488ddf/files/9618ba1d3e146fd7c817b7b048b0559fe951487b70294c9e449cc3b7d143a091 [none]
[debug] [2021-08-31T15:08:18.221Z] >>> [apiv2][body] POST https://upload-firebasehosting.googleapis.com/upload/sites/ecom-complete-by-zedan/versions/dcd9d4ce0f488ddf/files/9618ba1d3e146fd7c817b7b048b0559fe951487b70294c9e449cc3b7d143a091 [stream]
[debug] [2021-08-31T15:08:18.221Z] >>> [apiv2][query] POST https://upload-firebasehosting.googleapis.com/upload/sites/ecom-complete-by-zedan/versions/dcd9d4ce0f488ddf/files/ff7ccf75db90ce1e7fb54be4415dcdf0969b4dcc2949f1f81999b56fcc976dbd [none]
[debug] [2021-08-31T15:08:18.221Z] >>> [apiv2][body] POST https://upload-firebasehosting.googleapis.com/upload/sites/ecom-complete-by-zedan/versions/dcd9d4ce0f488ddf/files/ff7ccf75db90ce1e7fb54be4415dcdf0969b4dcc2949f1f81999b56fcc976dbd [stream]
[debug] [2021-08-31T15:08:18.222Z] >>> [apiv2][query] POST https://upload-firebasehosting.googleapis.com/upload/sites/ecom-complete-by-zedan/versions/dcd9d4ce0f488ddf/files/b4dcd26e88839ed4a7bfb03123b5a382f6f3f60c7e743fe3fe5a933a5a18c437 [none]
[debug] [2021-08-31T15:08:18.222Z] >>> [apiv2][body] POST https://upload-firebasehosting.googleapis.com/upload/sites/ecom-complete-by-zedan/versions/dcd9d4ce0f488ddf/files/b4dcd26e88839ed4a7bfb03123b5a382f6f3f60c7e743fe3fe5a933a5a18c437 [stream]
[debug] [2021-08-31T15:08:18.222Z] [hosting][populate queue][FINAL] {"max":1724,"min":1724,"avg":1724,"active":0,"complete":1,"success":1,"errored":0,"retried":0,"total":1,"elapsed":1733}
[debug] [2021-08-31T15:08:18.222Z] [hosting] uploads queued: 13
[debug] [2021-08-31T15:08:19.797Z] <<< [apiv2][status] POST https://upload-firebasehosting.googleapis.com/upload/sites/ecom-complete-by-zedan/versions/dcd9d4ce0f488ddf/files/f99e830680ce8b1547e34a25bf4a0f8e5e3b2685f370bb8d714bd83a3f9a1f71 200
[debug] [2021-08-31T15:08:19.797Z] <<< [apiv2][body] POST https://upload-firebasehosting.googleapis.com/upload/sites/ecom-complete-by-zedan/versions/dcd9d4ce0f488ddf/files/f99e830680ce8b1547e34a25bf4a0f8e5e3b2685f370bb8d714bd83a3f9a1f71 [stream]
[debug] [2021-08-31T15:08:19.797Z] <<< [apiv2][status] POST https://upload-firebasehosting.googleapis.com/upload/sites/ecom-complete-by-zedan/versions/dcd9d4ce0f488ddf/files/f85cf7a954165617ec455ed2e9477846af1131e3034d6109045d5c5b860ea7ef 200
[debug] [2021-08-31T15:08:19.797Z] <<< [apiv2][body] POST https://upload-firebasehosting.googleapis.com/upload/sites/ecom-complete-by-zedan/versions/dcd9d4ce0f488ddf/files/f85cf7a954165617ec455ed2e9477846af1131e3034d6109045d5c5b860ea7ef [stream]
[debug] [2021-08-31T15:08:19.807Z] <<< [apiv2][status] POST https://upload-firebasehosting.googleapis.com/upload/sites/ecom-complete-by-zedan/versions/dcd9d4ce0f488ddf/files/fb2be43bb5e7ba532b510cc507fe076fa9f5b37f3dc6dc61654e9622ec7ae937 200
[debug] [2021-08-31T15:08:19.807Z] <<< [apiv2][body] POST https://upload-firebasehosting.googleapis.com/upload/sites/ecom-complete-by-zedan/versions/dcd9d4ce0f488ddf/files/fb2be43bb5e7ba532b510cc507fe076fa9f5b37f3dc6dc61654e9622ec7ae937 [stream]
[debug] [2021-08-31T15:08:19.846Z] <<< [apiv2][status] POST https://upload-firebasehosting.googleapis.com/upload/sites/ecom-complete-by-zedan/versions/dcd9d4ce0f488ddf/files/6f354251030338a5bd1f4d87d7cfa34fd715fb072aad377a27f2e8eda0b0aab2 200
[debug] [2021-08-31T15:08:19.846Z] <<< [apiv2][body] POST https://upload-firebasehosting.googleapis.com/upload/sites/ecom-complete-by-zedan/versions/dcd9d4ce0f488ddf/files/6f354251030338a5bd1f4d87d7cfa34fd715fb072aad377a27f2e8eda0b0aab2 [stream]
[debug] [2021-08-31T15:08:19.901Z] <<< [apiv2][status] POST https://upload-firebasehosting.googleapis.com/upload/sites/ecom-complete-by-zedan/versions/dcd9d4ce0f488ddf/files/c2ed59cdef73a82ac5a85bc8f6e5159fdb338b079fc587f105abfb87a6f87cea 200
[debug] [2021-08-31T15:08:19.901Z] <<< [apiv2][body] POST https://upload-firebasehosting.googleapis.com/upload/sites/ecom-complete-by-zedan/versions/dcd9d4ce0f488ddf/files/c2ed59cdef73a82ac5a85bc8f6e5159fdb338b079fc587f105abfb87a6f87cea [stream]
[debug] [2021-08-31T15:08:19.947Z] <<< [apiv2][status] POST https://upload-firebasehosting.googleapis.com/upload/sites/ecom-complete-by-zedan/versions/dcd9d4ce0f488ddf/files/9618ba1d3e146fd7c817b7b048b0559fe951487b70294c9e449cc3b7d143a091 200
[debug] [2021-08-31T15:08:19.947Z] <<< [apiv2][body] POST https://upload-firebasehosting.googleapis.com/upload/sites/ecom-complete-by-zedan/versions/dcd9d4ce0f488ddf/files/9618ba1d3e146fd7c817b7b048b0559fe951487b70294c9e449cc3b7d143a091 [stream]
[debug] [2021-08-31T15:08:19.974Z] <<< [apiv2][status] POST https://upload-firebasehosting.googleapis.com/upload/sites/ecom-complete-by-zedan/versions/dcd9d4ce0f488ddf/files/2d33fed6e7679efbee591b3d3772f668a92186180497b012b77b38f4a17c5456 200
[debug] [2021-08-31T15:08:19.974Z] <<< [apiv2][body] POST https://upload-firebasehosting.googleapis.com/upload/sites/ecom-complete-by-zedan/versions/dcd9d4ce0f488ddf/files/2d33fed6e7679efbee591b3d3772f668a92186180497b012b77b38f4a17c5456 [stream]
[debug] [2021-08-31T15:08:19.986Z] <<< [apiv2][status] POST https://upload-firebasehosting.googleapis.com/upload/sites/ecom-complete-by-zedan/versions/dcd9d4ce0f488ddf/files/72f5d0971efc251947208da89fee29fe2fbcf0956fa603af129047cc0df908d2 200
[debug] [2021-08-31T15:08:19.986Z] <<< [apiv2][body] POST https://upload-firebasehosting.googleapis.com/upload/sites/ecom-complete-by-zedan/versions/dcd9d4ce0f488ddf/files/72f5d0971efc251947208da89fee29fe2fbcf0956fa603af129047cc0df908d2 [stream]
[debug] [2021-08-31T15:08:19.992Z] <<< [apiv2][status] POST https://upload-firebasehosting.googleapis.com/upload/sites/ecom-complete-by-zedan/versions/dcd9d4ce0f488ddf/files/5e6c17ce5a8046052a925f2a76ae0634b4a399974aca658183d8699f44ce17f4 200
[debug] [2021-08-31T15:08:19.992Z] <<< [apiv2][body] POST https://upload-firebasehosting.googleapis.com/upload/sites/ecom-complete-by-zedan/versions/dcd9d4ce0f488ddf/files/5e6c17ce5a8046052a925f2a76ae0634b4a399974aca658183d8699f44ce17f4 [stream]
[debug] [2021-08-31T15:08:19.992Z] <<< [apiv2][status] POST https://upload-firebasehosting.googleapis.com/upload/sites/ecom-complete-by-zedan/versions/dcd9d4ce0f488ddf/files/fc4b45099106dd7e31426481fa3dbcc22aeaf9ebcfef9b6bc0da3b4daf60c717 200
[debug] [2021-08-31T15:08:19.993Z] <<< [apiv2][body] POST https://upload-firebasehosting.googleapis.com/upload/sites/ecom-complete-by-zedan/versions/dcd9d4ce0f488ddf/files/fc4b45099106dd7e31426481fa3dbcc22aeaf9ebcfef9b6bc0da3b4daf60c717 [stream]
[debug] [2021-08-31T15:08:20.007Z] <<< [apiv2][status] POST https://upload-firebasehosting.googleapis.com/upload/sites/ecom-complete-by-zedan/versions/dcd9d4ce0f488ddf/files/6e66e163e77b3194cedef0642fd8b30e8f9d0b852b7f0ba0d69ad38f26d6a372 200
[debug] [2021-08-31T15:08:20.007Z] <<< [apiv2][body] POST https://upload-firebasehosting.googleapis.com/upload/sites/ecom-complete-by-zedan/versions/dcd9d4ce0f488ddf/files/6e66e163e77b3194cedef0642fd8b30e8f9d0b852b7f0ba0d69ad38f26d6a372 [stream]
[debug] [2021-08-31T15:08:21.141Z] <<< [apiv2][status] POST https://upload-firebasehosting.googleapis.com/upload/sites/ecom-complete-by-zedan/versions/dcd9d4ce0f488ddf/files/b4dcd26e88839ed4a7bfb03123b5a382f6f3f60c7e743fe3fe5a933a5a18c437 200
[debug] [2021-08-31T15:08:21.141Z] <<< [apiv2][body] POST https://upload-firebasehosting.googleapis.com/upload/sites/ecom-complete-by-zedan/versions/dcd9d4ce0f488ddf/files/b4dcd26e88839ed4a7bfb03123b5a382f6f3f60c7e743fe3fe5a933a5a18c437 [stream]
[debug] [2021-08-31T15:08:22.665Z] <<< [apiv2][status] POST https://upload-firebasehosting.googleapis.com/upload/sites/ecom-complete-by-zedan/versions/dcd9d4ce0f488ddf/files/ff7ccf75db90ce1e7fb54be4415dcdf0969b4dcc2949f1f81999b56fcc976dbd 200
[debug] [2021-08-31T15:08:22.665Z] <<< [apiv2][body] POST https://upload-firebasehosting.googleapis.com/upload/sites/ecom-complete-by-zedan/versions/dcd9d4ce0f488ddf/files/ff7ccf75db90ce1e7fb54be4415dcdf0969b4dcc2949f1f81999b56fcc976dbd [stream]
[debug] [2021-08-31T15:08:22.665Z] [hosting][upload queue][FINAL] {"max":4452,"min":1584,"avg":2007.076923076923,"active":0,"complete":13,"success":13,"errored":0,"retried":0,"total":13,"elapsed":4454}
[info] +  hosting[ecom-complete-by-zedan]: file upload complete 
[debug] [2021-08-31T15:08:22.666Z] [hosting] deploy completed after 6768ms
[info] i  functions: updating Node.js 14 function api(us-central1)... 
[debug] [2021-08-31T15:08:22.671Z] > refreshing access token with scopes: ["email","https://www.googleapis.com/auth/cloud-platform","https://www.googleapis.com/auth/cloudplatformprojects.readonly","https://www.googleapis.com/auth/firebase","openid"]
[debug] [2021-08-31T15:08:22.671Z] >>> HTTP REQUEST POST https://www.googleapis.com/oauth2/v3/token  
 <request body omitted>
[debug] [2021-08-31T15:08:22.841Z] <<< HTTP RESPONSE 200 {"expires":"Mon, 01 Jan 1990 00:00:00 GMT","pragma":"no-cache","date":"Tue, 31 Aug 2021 15:08:23 GMT","cache-control":"no-cache, no-store, max-age=0, must-revalidate","content-type":"application/json; charset=utf-8","vary":"X-Origin, Referer, Origin,Accept-Encoding","server":"scaffolding on HTTPServer2","x-xss-protection":"0","x-frame-options":"SAMEORIGIN","x-content-type-options":"nosniff","alt-svc":"h3=\":443\"; ma=2592000,h3-29=\":443\"; ma=2592000,h3-T051=\":443\"; ma=2592000,h3-Q050=\":443\"; ma=2592000,h3-Q046=\":443\"; ma=2592000,h3-Q043=\":443\"; ma=2592000,quic=\":443\"; ma=2592000; v=\"46,43\"","accept-ranges":"none","transfer-encoding":"chunked"}
[debug] [2021-08-31T15:08:22.849Z] >>> HTTP REQUEST PATCH https://cloudfunctions.googleapis.com/v1/projects/ecom-complete-by-zedan/locations/us-central1/functions/api {"updateMask":"name,sourceUploadUrl,entryPoint,runtime,httpsTrigger.securityLevel,labels,environmentVariables"} 
 {"name":"projects/ecom-complete-by-zedan/locations/us-central1/functions/api","sourceUploadUrl":"https://storage.googleapis.com/gcf-upload-us-central1-c03e3bf9-d9bd-4ab7-9d90-91299fc87d35/6105149b-a169-4a88-a904-917fe5819c2a.zip?GoogleAccessId=service-635268990363@gcf-admin-robot.iam.gserviceaccount.com&Expires=1630424295&Signature=UOAsyc5Jcv6jRptxvfEeKKUsreqtv%2B%2BsHd9xjE0%2BBcTnIm8CNV90iwawzJmq%2FvuIOwvmrDu%2Fs1dGk2tO0%2BMQFSttezSq3GwP9eoH5Oa6q1Hm5ayZcXn406ZtKYmiEkIPRQamIJTvlI3Ie9EIrwKDppt%2FdQmsYBVKcdLTSmPW3XAHehBV%2F30Tr7j67MUCNP3frFsouIIwKGDuEnhfjQiTEahN%2FiPFFM4T1Mh2gUuE1AbwGggK7oBOCEJXkEOoaqDFVxlr1FSMCsJc0DcPN%2BfVweA4JZ3RU4ZDu6wih6XXkG%2BsNEMVu7lXklS8GMbL3NHWECA%2FP0bPOAEcp49rO73QzA%3D%3D","entryPoint":"api","runtime":"nodejs14","httpsTrigger":{"securityLevel":"SECURE_OPTIONAL"},"labels":{"deployment-tool":"cli-firebase"},"environmentVariables":{"FIREBASE_CONFIG":"{\"projectId\":\"ecom-complete-by-zedan\",\"storageBucket\":\"ecom-complete-by-zedan.appspot.com\",\"locationId\":\"us-central\"}","GCLOUD_PROJECT":"ecom-complete-by-zedan"}}
[debug] [2021-08-31T15:08:23.497Z] <<< HTTP RESPONSE 200 {"content-type":"application/json; charset=UTF-8","vary":"X-Origin, Referer, Origin,Accept-Encoding","date":"Tue, 31 Aug 2021 15:08:23 GMT","server":"ESF","cache-control":"private","x-xss-protection":"0","x-frame-options":"SAMEORIGIN","x-content-type-options":"nosniff","alt-svc":"h3=\":443\"; ma=2592000,h3-29=\":443\"; ma=2592000,h3-T051=\":443\"; ma=2592000,h3-Q050=\":443\"; ma=2592000,h3-Q046=\":443\"; ma=2592000,h3-Q043=\":443\"; ma=2592000,quic=\":443\"; ma=2592000; v=\"46,43\"","accept-ranges":"none","transfer-encoding":"chunked"}
[debug] [2021-08-31T15:08:23.498Z] > refreshing access token with scopes: []
[debug] [2021-08-31T15:08:23.498Z] >>> HTTP REQUEST POST https://www.googleapis.com/oauth2/v3/token  
 <request body omitted>
[debug] [2021-08-31T15:08:23.662Z] <<< HTTP RESPONSE 200 {"pragma":"no-cache","cache-control":"no-cache, no-store, max-age=0, must-revalidate","expires":"Mon, 01 Jan 1990 00:00:00 GMT","date":"Tue, 31 Aug 2021 15:08:23 GMT","content-type":"application/json; charset=utf-8","vary":"X-Origin, Referer, Origin,Accept-Encoding","server":"scaffolding on HTTPServer2","x-xss-protection":"0","x-frame-options":"SAMEORIGIN","x-content-type-options":"nosniff","alt-svc":"h3=\":443\"; ma=2592000,h3-29=\":443\"; ma=2592000,h3-T051=\":443\"; ma=2592000,h3-Q050=\":443\"; ma=2592000,h3-Q046=\":443\"; ma=2592000,h3-Q043=\":443\"; ma=2592000,quic=\":443\"; ma=2592000; v=\"46,43\"","accept-ranges":"none","transfer-encoding":"chunked"}
[debug] [2021-08-31T15:08:23.671Z] >>> [apiv2][query] GET https://cloudfunctions.googleapis.com/v1/operations/ZWNvbS1jb21wbGV0ZS1ieS16ZWRhbi91cy1jZW50cmFsMS9hcGkvZmc0THdkeHdDYWM [none]
[debug] [2021-08-31T15:08:24.129Z] <<< [apiv2][status] GET https://cloudfunctions.googleapis.com/v1/operations/ZWNvbS1jb21wbGV0ZS1ieS16ZWRhbi91cy1jZW50cmFsMS9hcGkvZmc0THdkeHdDYWM 200
[debug] [2021-08-31T15:08:24.129Z] <<< [apiv2][body] GET https://cloudfunctions.googleapis.com/v1/operations/ZWNvbS1jb21wbGV0ZS1ieS16ZWRhbi91cy1jZW50cmFsMS9hcGkvZmc0THdkeHdDYWM {"name":"operations/ZWNvbS1jb21wbGV0ZS1ieS16ZWRhbi91cy1jZW50cmFsMS9hcGkvZmc0THdkeHdDYWM","metadata":{"@type":"type.googleapis.com/google.cloud.functions.v1.OperationMetadataV1","target":"projects/ecom-complete-by-zedan/locations/us-central1/functions/api","type":"UPDATE_FUNCTION","request":{"@type":"type.googleapis.com/google.cloud.functions.v1.CloudFunction","name":"projects/ecom-complete-by-zedan/locations/us-central1/functions/api","httpsTrigger":{"url":"https://us-central1-ecom-complete-by-zedan.cloudfunctions.net/api","securityLevel":"SECURE_OPTIONAL"},"status":"ACTIVE","entryPoint":"api","timeout":"60s","availableMemoryMb":256,"serviceAccountEmail":"ecom-complete-by-zedan@appspot.gserviceaccount.com","updateTime":"2021-08-31T14:44:25.315Z","versionId":"1","labels":{"deployment-tool":"cli-firebase"},"sourceUploadUrl":"https://storage.googleapis.com/gcf-upload-us-central1-c03e3bf9-d9bd-4ab7-9d90-91299fc87d35/6105149b-a169-4a88-a904-917fe5819c2a.zip?GoogleAccessId=service-635268990363@gcf-admin-robot.iam.gserviceaccount.com&Expires=1630424295&Signature=UOAsyc5Jcv6jRptxvfEeKKUsreqtv%2B%2BsHd9xjE0%2BBcTnIm8CNV90iwawzJmq%2FvuIOwvmrDu%2Fs1dGk2tO0%2BMQFSttezSq3GwP9eoH5Oa6q1Hm5ayZcXn406ZtKYmiEkIPRQamIJTvlI3Ie9EIrwKDppt%2FdQmsYBVKcdLTSmPW3XAHehBV%2F30Tr7j67MUCNP3frFsouIIwKGDuEnhfjQiTEahN%2FiPFFM4T1Mh2gUuE1AbwGggK7oBOCEJXkEOoaqDFVxlr1FSMCsJc0DcPN%2BfVweA4JZ3RU4ZDu6wih6XXkG%2BsNEMVu7lXklS8GMbL3NHWECA%2FP0bPOAEcp49rO73QzA%3D%3D","environmentVariables":{"FIREBASE_CONFIG":"{\"projectId\":\"ecom-complete-by-zedan\",\"storageBucket\":\"ecom-complete-by-zedan.appspot.com\",\"locationId\":\"us-central\"}","GCLOUD_PROJECT":"ecom-complete-by-zedan"},"runtime":"nodejs14","ingressSettings":"ALLOW_ALL","buildId":"8ac692da-b230-44e6-aee6-82f8a380e32e","buildName":"projects/635268990363/locations/us-central1/builds/8ac692da-b230-44e6-aee6-82f8a380e32e"},"versionId":"2","updateTime":"2021-08-31T15:08:23Z","buildName":"projects/635268990363/locations/us-central1/builds/8ac692da-b230-44e6-aee6-82f8a380e32e"}}
[debug] [2021-08-31T15:08:24.636Z] [update-projects/ecom-complete-by-zedan/locations/us-central1/functions/api] Retrying task index 0
[debug] [2021-08-31T15:08:24.637Z] >>> [apiv2][query] GET https://cloudfunctions.googleapis.com/v1/operations/ZWNvbS1jb21wbGV0ZS1ieS16ZWRhbi91cy1jZW50cmFsMS9hcGkvZmc0THdkeHdDYWM [none]
[debug] [2021-08-31T15:08:25.128Z] <<< [apiv2][status] GET https://cloudfunctions.googleapis.com/v1/operations/ZWNvbS1jb21wbGV0ZS1ieS16ZWRhbi91cy1jZW50cmFsMS9hcGkvZmc0THdkeHdDYWM 200
[debug] [2021-08-31T15:08:25.128Z] <<< [apiv2][body] GET https://cloudfunctions.googleapis.com/v1/operations/ZWNvbS1jb21wbGV0ZS1ieS16ZWRhbi91cy1jZW50cmFsMS9hcGkvZmc0THdkeHdDYWM {"name":"operations/ZWNvbS1jb21wbGV0ZS1ieS16ZWRhbi91cy1jZW50cmFsMS9hcGkvZmc0THdkeHdDYWM","metadata":{"@type":"type.googleapis.com/google.cloud.functions.v1.OperationMetadataV1","target":"projects/ecom-complete-by-zedan/locations/us-central1/functions/api","type":"UPDATE_FUNCTION","request":{"@type":"type.googleapis.com/google.cloud.functions.v1.CloudFunction","name":"projects/ecom-complete-by-zedan/locations/us-central1/functions/api","httpsTrigger":{"url":"https://us-central1-ecom-complete-by-zedan.cloudfunctions.net/api","securityLevel":"SECURE_OPTIONAL"},"status":"ACTIVE","entryPoint":"api","timeout":"60s","availableMemoryMb":256,"serviceAccountEmail":"ecom-complete-by-zedan@appspot.gserviceaccount.com","updateTime":"2021-08-31T14:44:25.315Z","versionId":"1","labels":{"deployment-tool":"cli-firebase"},"sourceUploadUrl":"https://storage.googleapis.com/gcf-upload-us-central1-c03e3bf9-d9bd-4ab7-9d90-91299fc87d35/6105149b-a169-4a88-a904-917fe5819c2a.zip?GoogleAccessId=service-635268990363@gcf-admin-robot.iam.gserviceaccount.com&Expires=1630424295&Signature=UOAsyc5Jcv6jRptxvfEeKKUsreqtv%2B%2BsHd9xjE0%2BBcTnIm8CNV90iwawzJmq%2FvuIOwvmrDu%2Fs1dGk2tO0%2BMQFSttezSq3GwP9eoH5Oa6q1Hm5ayZcXn406ZtKYmiEkIPRQamIJTvlI3Ie9EIrwKDppt%2FdQmsYBVKcdLTSmPW3XAHehBV%2F30Tr7j67MUCNP3frFsouIIwKGDuEnhfjQiTEahN%2FiPFFM4T1Mh2gUuE1AbwGggK7oBOCEJXkEOoaqDFVxlr1FSMCsJc0DcPN%2BfVweA4JZ3RU4ZDu6wih6XXkG%2BsNEMVu7lXklS8GMbL3NHWECA%2FP0bPOAEcp49rO73QzA%3D%3D","environmentVariables":{"FIREBASE_CONFIG":"{\"projectId\":\"ecom-complete-by-zedan\",\"storageBucket\":\"ecom-complete-by-zedan.appspot.com\",\"locationId\":\"us-central\"}","GCLOUD_PROJECT":"ecom-complete-by-zedan"},"runtime":"nodejs14","ingressSettings":"ALLOW_ALL","buildId":"8ac692da-b230-44e6-aee6-82f8a380e32e","buildName":"projects/635268990363/locations/us-central1/builds/8ac692da-b230-44e6-aee6-82f8a380e32e"},"versionId":"2","updateTime":"2021-08-31T15:08:23Z","buildId":"8f1ffc21-bf02-4cc1-8ebd-54eb3f294465","buildName":"projects/635268990363/locations/us-central1/builds/8f1ffc21-bf02-4cc1-8ebd-54eb3f294465"}}
[debug] [2021-08-31T15:08:26.131Z] [update-projects/ecom-complete-by-zedan/locations/us-central1/functions/api] Retrying task index 0
[debug] [2021-08-31T15:08:26.132Z] >>> [apiv2][query] GET https://cloudfunctions.googleapis.com/v1/operations/ZWNvbS1jb21wbGV0ZS1ieS16ZWRhbi91cy1jZW50cmFsMS9hcGkvZmc0THdkeHdDYWM [none]
[debug] [2021-08-31T15:08:26.663Z] <<< [apiv2][status] GET https://cloudfunctions.googleapis.com/v1/operations/ZWNvbS1jb21wbGV0ZS1ieS16ZWRhbi91cy1jZW50cmFsMS9hcGkvZmc0THdkeHdDYWM 200
[debug] [2021-08-31T15:08:26.663Z] <<< [apiv2][body] GET https://cloudfunctions.googleapis.com/v1/operations/ZWNvbS1jb21wbGV0ZS1ieS16ZWRhbi91cy1jZW50cmFsMS9hcGkvZmc0THdkeHdDYWM {"name":"operations/ZWNvbS1jb21wbGV0ZS1ieS16ZWRhbi91cy1jZW50cmFsMS9hcGkvZmc0THdkeHdDYWM","metadata":{"@type":"type.googleapis.com/google.cloud.functions.v1.OperationMetadataV1","target":"projects/ecom-complete-by-zedan/locations/us-central1/functions/api","type":"UPDATE_FUNCTION","request":{"@type":"type.googleapis.com/google.cloud.functions.v1.CloudFunction","name":"projects/ecom-complete-by-zedan/locations/us-central1/functions/api","httpsTrigger":{"url":"https://us-central1-ecom-complete-by-zedan.cloudfunctions.net/api","securityLevel":"SECURE_OPTIONAL"},"status":"ACTIVE","entryPoint":"api","timeout":"60s","availableMemoryMb":256,"serviceAccountEmail":"ecom-complete-by-zedan@appspot.gserviceaccount.com","updateTime":"2021-08-31T14:44:25.315Z","versionId":"1","labels":{"deployment-tool":"cli-firebase"},"sourceUploadUrl":"https://storage.googleapis.com/gcf-upload-us-central1-c03e3bf9-d9bd-4ab7-9d90-91299fc87d35/6105149b-a169-4a88-a904-917fe5819c2a.zip?GoogleAccessId=service-635268990363@gcf-admin-robot.iam.gserviceaccount.com&Expires=1630424295&Signature=UOAsyc5Jcv6jRptxvfEeKKUsreqtv%2B%2BsHd9xjE0%2BBcTnIm8CNV90iwawzJmq%2FvuIOwvmrDu%2Fs1dGk2tO0%2BMQFSttezSq3GwP9eoH5Oa6q1Hm5ayZcXn406ZtKYmiEkIPRQamIJTvlI3Ie9EIrwKDppt%2FdQmsYBVKcdLTSmPW3XAHehBV%2F30Tr7j67MUCNP3frFsouIIwKGDuEnhfjQiTEahN%2FiPFFM4T1Mh2gUuE1AbwGggK7oBOCEJXkEOoaqDFVxlr1FSMCsJc0DcPN%2BfVweA4JZ3RU4ZDu6wih6XXkG%2BsNEMVu7lXklS8GMbL3NHWECA%2FP0bPOAEcp49rO73QzA%3D%3D","environmentVariables":{"FIREBASE_CONFIG":"{\"projectId\":\"ecom-complete-by-zedan\",\"storageBucket\":\"ecom-complete-by-zedan.appspot.com\",\"locationId\":\"us-central\"}","GCLOUD_PROJECT":"ecom-complete-by-zedan"},"runtime":"nodejs14","ingressSettings":"ALLOW_ALL","buildId":"8ac692da-b230-44e6-aee6-82f8a380e32e","buildName":"projects/635268990363/locations/us-central1/builds/8ac692da-b230-44e6-aee6-82f8a380e32e"},"versionId":"2","updateTime":"2021-08-31T15:08:23Z","buildId":"8f1ffc21-bf02-4cc1-8ebd-54eb3f294465","buildName":"projects/635268990363/locations/us-central1/builds/8f1ffc21-bf02-4cc1-8ebd-54eb3f294465"}}
[debug] [2021-08-31T15:08:28.669Z] [update-projects/ecom-complete-by-zedan/locations/us-central1/functions/api] Retrying task index 0
[debug] [2021-08-31T15:08:28.670Z] >>> [apiv2][query] GET https://cloudfunctions.googleapis.com/v1/operations/ZWNvbS1jb21wbGV0ZS1ieS16ZWRhbi91cy1jZW50cmFsMS9hcGkvZmc0THdkeHdDYWM [none]
[debug] [2021-08-31T15:08:29.145Z] <<< [apiv2][status] GET https://cloudfunctions.googleapis.com/v1/operations/ZWNvbS1jb21wbGV0ZS1ieS16ZWRhbi91cy1jZW50cmFsMS9hcGkvZmc0THdkeHdDYWM 200
[debug] [2021-08-31T15:08:29.145Z] <<< [apiv2][body] GET https://cloudfunctions.googleapis.com/v1/operations/ZWNvbS1jb21wbGV0ZS1ieS16ZWRhbi91cy1jZW50cmFsMS9hcGkvZmc0THdkeHdDYWM {"name":"operations/ZWNvbS1jb21wbGV0ZS1ieS16ZWRhbi91cy1jZW50cmFsMS9hcGkvZmc0THdkeHdDYWM","metadata":{"@type":"type.googleapis.com/google.cloud.functions.v1.OperationMetadataV1","target":"projects/ecom-complete-by-zedan/locations/us-central1/functions/api","type":"UPDATE_FUNCTION","request":{"@type":"type.googleapis.com/google.cloud.functions.v1.CloudFunction","name":"projects/ecom-complete-by-zedan/locations/us-central1/functions/api","httpsTrigger":{"url":"https://us-central1-ecom-complete-by-zedan.cloudfunctions.net/api","securityLevel":"SECURE_OPTIONAL"},"status":"ACTIVE","entryPoint":"api","timeout":"60s","availableMemoryMb":256,"serviceAccountEmail":"ecom-complete-by-zedan@appspot.gserviceaccount.com","updateTime":"2021-08-31T14:44:25.315Z","versionId":"1","labels":{"deployment-tool":"cli-firebase"},"sourceUploadUrl":"https://storage.googleapis.com/gcf-upload-us-central1-c03e3bf9-d9bd-4ab7-9d90-91299fc87d35/6105149b-a169-4a88-a904-917fe5819c2a.zip?GoogleAccessId=service-635268990363@gcf-admin-robot.iam.gserviceaccount.com&Expires=1630424295&Signature=UOAsyc5Jcv6jRptxvfEeKKUsreqtv%2B%2BsHd9xjE0%2BBcTnIm8CNV90iwawzJmq%2FvuIOwvmrDu%2Fs1dGk2tO0%2BMQFSttezSq3GwP9eoH5Oa6q1Hm5ayZcXn406ZtKYmiEkIPRQamIJTvlI3Ie9EIrwKDppt%2FdQmsYBVKcdLTSmPW3XAHehBV%2F30Tr7j67MUCNP3frFsouIIwKGDuEnhfjQiTEahN%2FiPFFM4T1Mh2gUuE1AbwGggK7oBOCEJXkEOoaqDFVxlr1FSMCsJc0DcPN%2BfVweA4JZ3RU4ZDu6wih6XXkG%2BsNEMVu7lXklS8GMbL3NHWECA%2FP0bPOAEcp49rO73QzA%3D%3D","environmentVariables":{"FIREBASE_CONFIG":"{\"projectId\":\"ecom-complete-by-zedan\",\"storageBucket\":\"ecom-complete-by-zedan.appspot.com\",\"locationId\":\"us-central\"}","GCLOUD_PROJECT":"ecom-complete-by-zedan"},"runtime":"nodejs14","ingressSettings":"ALLOW_ALL","buildId":"8ac692da-b230-44e6-aee6-82f8a380e32e","buildName":"projects/635268990363/locations/us-central1/builds/8ac692da-b230-44e6-aee6-82f8a380e32e"},"versionId":"2","updateTime":"2021-08-31T15:08:23Z","buildId":"8f1ffc21-bf02-4cc1-8ebd-54eb3f294465","buildName":"projects/635268990363/locations/us-central1/builds/8f1ffc21-bf02-4cc1-8ebd-54eb3f294465"}}
[debug] [2021-08-31T15:08:33.147Z] [update-projects/ecom-complete-by-zedan/locations/us-central1/functions/api] Retrying task index 0
[debug] [2021-08-31T15:08:33.147Z] >>> [apiv2][query] GET https://cloudfunctions.googleapis.com/v1/operations/ZWNvbS1jb21wbGV0ZS1ieS16ZWRhbi91cy1jZW50cmFsMS9hcGkvZmc0THdkeHdDYWM [none]
[debug] [2021-08-31T15:08:33.631Z] <<< [apiv2][status] GET https://cloudfunctions.googleapis.com/v1/operations/ZWNvbS1jb21wbGV0ZS1ieS16ZWRhbi91cy1jZW50cmFsMS9hcGkvZmc0THdkeHdDYWM 200
[debug] [2021-08-31T15:08:33.631Z] <<< [apiv2][body] GET https://cloudfunctions.googleapis.com/v1/operations/ZWNvbS1jb21wbGV0ZS1ieS16ZWRhbi91cy1jZW50cmFsMS9hcGkvZmc0THdkeHdDYWM {"name":"operations/ZWNvbS1jb21wbGV0ZS1ieS16ZWRhbi91cy1jZW50cmFsMS9hcGkvZmc0THdkeHdDYWM","metadata":{"@type":"type.googleapis.com/google.cloud.functions.v1.OperationMetadataV1","target":"projects/ecom-complete-by-zedan/locations/us-central1/functions/api","type":"UPDATE_FUNCTION","request":{"@type":"type.googleapis.com/google.cloud.functions.v1.CloudFunction","name":"projects/ecom-complete-by-zedan/locations/us-central1/functions/api","httpsTrigger":{"url":"https://us-central1-ecom-complete-by-zedan.cloudfunctions.net/api","securityLevel":"SECURE_OPTIONAL"},"status":"ACTIVE","entryPoint":"api","timeout":"60s","availableMemoryMb":256,"serviceAccountEmail":"ecom-complete-by-zedan@appspot.gserviceaccount.com","updateTime":"2021-08-31T14:44:25.315Z","versionId":"1","labels":{"deployment-tool":"cli-firebase"},"sourceUploadUrl":"https://storage.googleapis.com/gcf-upload-us-central1-c03e3bf9-d9bd-4ab7-9d90-91299fc87d35/6105149b-a169-4a88-a904-917fe5819c2a.zip?GoogleAccessId=service-635268990363@gcf-admin-robot.iam.gserviceaccount.com&Expires=1630424295&Signature=UOAsyc5Jcv6jRptxvfEeKKUsreqtv%2B%2BsHd9xjE0%2BBcTnIm8CNV90iwawzJmq%2FvuIOwvmrDu%2Fs1dGk2tO0%2BMQFSttezSq3GwP9eoH5Oa6q1Hm5ayZcXn406ZtKYmiEkIPRQamIJTvlI3Ie9EIrwKDppt%2FdQmsYBVKcdLTSmPW3XAHehBV%2F30Tr7j67MUCNP3frFsouIIwKGDuEnhfjQiTEahN%2FiPFFM4T1Mh2gUuE1AbwGggK7oBOCEJXkEOoaqDFVxlr1FSMCsJc0DcPN%2BfVweA4JZ3RU4ZDu6wih6XXkG%2BsNEMVu7lXklS8GMbL3NHWECA%2FP0bPOAEcp49rO73QzA%3D%3D","environmentVariables":{"FIREBASE_CONFIG":"{\"projectId\":\"ecom-complete-by-zedan\",\"storageBucket\":\"ecom-complete-by-zedan.appspot.com\",\"locationId\":\"us-central\"}","GCLOUD_PROJECT":"ecom-complete-by-zedan"},"runtime":"nodejs14","ingressSettings":"ALLOW_ALL","buildId":"8ac692da-b230-44e6-aee6-82f8a380e32e","buildName":"projects/635268990363/locations/us-central1/builds/8ac692da-b230-44e6-aee6-82f8a380e32e"},"versionId":"2","updateTime":"2021-08-31T15:08:23Z","buildId":"8f1ffc21-bf02-4cc1-8ebd-54eb3f294465","buildName":"projects/635268990363/locations/us-central1/builds/8f1ffc21-bf02-4cc1-8ebd-54eb3f294465"}}
[debug] [2021-08-31T15:08:41.640Z] [update-projects/ecom-complete-by-zedan/locations/us-central1/functions/api] Retrying task index 0
[debug] [2021-08-31T15:08:41.640Z] >>> [apiv2][query] GET https://cloudfunctions.googleapis.com/v1/operations/ZWNvbS1jb21wbGV0ZS1ieS16ZWRhbi91cy1jZW50cmFsMS9hcGkvZmc0THdkeHdDYWM [none]
[debug] [2021-08-31T15:08:42.137Z] <<< [apiv2][status] GET https://cloudfunctions.googleapis.com/v1/operations/ZWNvbS1jb21wbGV0ZS1ieS16ZWRhbi91cy1jZW50cmFsMS9hcGkvZmc0THdkeHdDYWM 200
[debug] [2021-08-31T15:08:42.137Z] <<< [apiv2][body] GET https://cloudfunctions.googleapis.com/v1/operations/ZWNvbS1jb21wbGV0ZS1ieS16ZWRhbi91cy1jZW50cmFsMS9hcGkvZmc0THdkeHdDYWM {"name":"operations/ZWNvbS1jb21wbGV0ZS1ieS16ZWRhbi91cy1jZW50cmFsMS9hcGkvZmc0THdkeHdDYWM","metadata":{"@type":"type.googleapis.com/google.cloud.functions.v1.OperationMetadataV1","target":"projects/ecom-complete-by-zedan/locations/us-central1/functions/api","type":"UPDATE_FUNCTION","request":{"@type":"type.googleapis.com/google.cloud.functions.v1.CloudFunction","name":"projects/ecom-complete-by-zedan/locations/us-central1/functions/api","httpsTrigger":{"url":"https://us-central1-ecom-complete-by-zedan.cloudfunctions.net/api","securityLevel":"SECURE_OPTIONAL"},"status":"ACTIVE","entryPoint":"api","timeout":"60s","availableMemoryMb":256,"serviceAccountEmail":"ecom-complete-by-zedan@appspot.gserviceaccount.com","updateTime":"2021-08-31T14:44:25.315Z","versionId":"1","labels":{"deployment-tool":"cli-firebase"},"sourceUploadUrl":"https://storage.googleapis.com/gcf-upload-us-central1-c03e3bf9-d9bd-4ab7-9d90-91299fc87d35/6105149b-a169-4a88-a904-917fe5819c2a.zip?GoogleAccessId=service-635268990363@gcf-admin-robot.iam.gserviceaccount.com&Expires=1630424295&Signature=UOAsyc5Jcv6jRptxvfEeKKUsreqtv%2B%2BsHd9xjE0%2BBcTnIm8CNV90iwawzJmq%2FvuIOwvmrDu%2Fs1dGk2tO0%2BMQFSttezSq3GwP9eoH5Oa6q1Hm5ayZcXn406ZtKYmiEkIPRQamIJTvlI3Ie9EIrwKDppt%2FdQmsYBVKcdLTSmPW3XAHehBV%2F30Tr7j67MUCNP3frFsouIIwKGDuEnhfjQiTEahN%2FiPFFM4T1Mh2gUuE1AbwGggK7oBOCEJXkEOoaqDFVxlr1FSMCsJc0DcPN%2BfVweA4JZ3RU4ZDu6wih6XXkG%2BsNEMVu7lXklS8GMbL3NHWECA%2FP0bPOAEcp49rO73QzA%3D%3D","environmentVariables":{"FIREBASE_CONFIG":"{\"projectId\":\"ecom-complete-by-zedan\",\"storageBucket\":\"ecom-complete-by-zedan.appspot.com\",\"locationId\":\"us-central\"}","GCLOUD_PROJECT":"ecom-complete-by-zedan"},"runtime":"nodejs14","ingressSettings":"ALLOW_ALL","buildId":"8ac692da-b230-44e6-aee6-82f8a380e32e","buildName":"projects/635268990363/locations/us-central1/builds/8ac692da-b230-44e6-aee6-82f8a380e32e"},"versionId":"2","updateTime":"2021-08-31T15:08:23Z","buildId":"8f1ffc21-bf02-4cc1-8ebd-54eb3f294465","buildName":"projects/635268990363/locations/us-central1/builds/8f1ffc21-bf02-4cc1-8ebd-54eb3f294465"}}
